\BOOKMARK [1][-]{section.1}{ds}{}% 1
\BOOKMARK [1][-]{section.2}{graph}{}% 2
\BOOKMARK [1][-]{section.3}{math}{}% 3
\BOOKMARK [2][-]{subsection.3.1}{geometry\040lib}{section.3}% 4
\BOOKMARK [1][-]{section.4}{misc}{}% 5
\BOOKMARK [1][-]{section.5}{Math}{}% 6
\BOOKMARK [2][-]{subsection.5.1}{Tree}{section.5}% 7
\BOOKMARK [2][-]{subsection.5.2}{Divisability\040Explanation}{section.5}% 8
\BOOKMARK [2][-]{subsection.5.3}{Combinatorics}{section.5}% 9
\BOOKMARK [2][-]{subsection.5.4}{Polynomial\040Interpolation}{section.5}% 10
\BOOKMARK [3][-]{subsubsection.5.4.1}{Theory}{subsection.5.4}% 11
\BOOKMARK [2][-]{subsection.5.5}{Fibonacci\040Sequence}{section.5}% 12
\BOOKMARK [3][-]{subsubsection.5.5.1}{Binet's\040formula}{subsection.5.5}% 13
\BOOKMARK [3][-]{subsubsection.5.5.2}{Generalization}{subsection.5.5}% 14
\BOOKMARK [3][-]{subsubsection.5.5.3}{Pisano\040Period}{subsection.5.5}% 15
\BOOKMARK [2][-]{subsection.5.6}{Reihen}{section.5}% 16
\BOOKMARK [2][-]{subsection.5.7}{Binomialkoeffizienten}{section.5}% 17
\BOOKMARK [2][-]{subsection.5.8}{Catalanzahlen}{section.5}% 18
\BOOKMARK [2][-]{subsection.5.9}{Geometrie}{section.5}% 19
\BOOKMARK [2][-]{subsection.5.10}{Zahlentheorie}{section.5}% 20
\BOOKMARK [2][-]{subsection.5.11}{Faltung}{section.5}% 21
